<?xml version="1.0" encoding="UTF-8"?>
<testng-results ignored="0" total="1" passed="1" failed="0" skipped="0">
  <reporter-output>
    <line>
      <![CDATA[Test Case Execution started]]>
    </line>
    <line>
      <![CDATA[TestCase Exceuted succesfully]]>
    </line>
  </reporter-output>
  <suite started-at="2024-12-06T18:19:24 IST" name="Suite" finished-at="2024-12-06T18:19:46 IST" duration-ms="22223">
    <groups>
    </groups>
    <test started-at="2024-12-06T18:19:24 IST" name="Test" finished-at="2024-12-06T18:19:46 IST" duration-ms="22223">
      <class name="testCases.TestCase2">
        <test-method is-config="true" signature="launch()[pri:0, instance:testCases.TestCase2@1e0b4072]" started-at="2024-12-06T18:19:24 IST" name="launch" finished-at="2024-12-06T18:19:40 IST" duration-ms="15507" status="PASS">
          <reporter-output>
          </reporter-output>
        </test-method> <!-- launch -->
        <test-method signature="userSign()[pri:0, instance:testCases.TestCase2@1e0b4072]" started-at="2024-12-06T18:19:40 IST" name="userSign" finished-at="2024-12-06T18:19:46 IST" duration-ms="6320" status="PASS">
          <reporter-output>
            <line>
              <![CDATA[Test Case Execution started]]>
            </line>
            <line>
              <![CDATA[TestCase Exceuted succesfully]]>
            </line>
          </reporter-output>
        </test-method> <!-- userSign -->
      </class> <!-- testCases.TestCase2 -->
    </test> <!-- Test -->
  </suite> <!-- Suite -->
</testng-results>
