<?xml version="1.0" encoding="UTF-8"?>
<testng-results ignored="0" total="1" passed="1" failed="0" skipped="0">
  <reporter-output>
    <line>
      <![CDATA[Test Case Execution started]]>
    </line>
    <line>
      <![CDATA[TestCase Exceuted succesfully]]>
    </line>
  </reporter-output>
  <suite started-at="2024-12-06T17:31:41 IST" name="Default suite" finished-at="2024-12-06T17:32:03 IST" duration-ms="22141">
    <groups>
    </groups>
    <test started-at="2024-12-06T17:31:41 IST" name="Default test" finished-at="2024-12-06T17:32:03 IST" duration-ms="22141">
      <class name="testCases.TestCase2">
        <test-method is-config="true" signature="launch()[pri:0, instance:testCases.TestCase2@4b0d79fc]" started-at="2024-12-06T17:31:41 IST" name="launch" finished-at="2024-12-06T17:31:54 IST" duration-ms="12755" status="PASS">
          <reporter-output>
          </reporter-output>
        </test-method> <!-- launch -->
        <test-method signature="userSign()[pri:0, instance:testCases.TestCase2@4b0d79fc]" started-at="2024-12-06T17:31:54 IST" name="userSign" finished-at="2024-12-06T17:32:03 IST" duration-ms="8820" status="PASS">
          <reporter-output>
            <line>
              <![CDATA[Test Case Execution started]]>
            </line>
            <line>
              <![CDATA[TestCase Exceuted succesfully]]>
            </line>
          </reporter-output>
        </test-method> <!-- userSign -->
      </class> <!-- testCases.TestCase2 -->
    </test> <!-- Default test -->
  </suite> <!-- Default suite -->
</testng-results>
