<?xml version="1.0" encoding="UTF-8"?>
<testng-results ignored="0" total="1" passed="0" failed="1" skipped="0">
  <reporter-output>
    <line>
      <![CDATA[Test Case Execution started]]>
    </line>
    <line>
      <![CDATA[TestCase Failed]]>
    </line>
  </reporter-output>
  <suite started-at="2024-12-04T23:05:30 IST" name="Default suite" finished-at="2024-12-04T23:06:25 IST" duration-ms="55645">
    <groups>
    </groups>
    <test started-at="2024-12-04T23:05:30 IST" name="Default test" finished-at="2024-12-04T23:06:25 IST" duration-ms="55645">
      <class name="testCases.TestCase11">
        <test-method is-config="true" signature="launch()[pri:0, instance:testCases.TestCase11@4b0d79fc]" started-at="2024-12-04T23:05:30 IST" name="launch" finished-at="2024-12-04T23:05:37 IST" duration-ms="6981" status="PASS">
          <reporter-output>
          </reporter-output>
        </test-method> <!-- launch -->
        <test-method signature="AddandRemoveQuantiesFromCart()[pri:0, instance:testCases.TestCase11@4b0d79fc]" started-at="2024-12-04T23:05:37 IST" name="AddandRemoveQuantiesFromCart" finished-at="2024-12-04T23:06:25 IST" duration-ms="48368" status="FAIL">
          <exception class="org.openqa.selenium.ElementClickInterceptedException">
            <message>
              <![CDATA[element click intercepted: Element <span id="bottomSubmitOrderButtonId-announce" class="a-button-text" aria-hidden="true">...</span> is not clickable at point (338, 678). Other element would receive the click: <input name="placeYourOrder1" data-testid="" class="a-button-input" type="submit" aria-labelledby="bottomSubmitOrderButtonId-announce">
  (Session info: MicrosoftEdge=131.0.2903.70)
Build info: version: '4.26.0', revision: '8ccf0219d7'
System info: os.name: 'Windows 11', os.arch: 'amd64', os.version: '10.0', java.version: '22.0.1'
Driver info: org.openqa.selenium.edge.EdgeDriver
Command: [11ae7569a02991d9741bf9063d968d5b, clickElement {id=f.FC92A80F297F79F7B9E48350312536CA.d.0F35C4AC173982AE3646D6E7026A6094.e.434}]
Capabilities {acceptInsecureCerts: false, browserName: MicrosoftEdge, browserVersion: 131.0.2903.70, fedcm:accounts: true, ms:edgeOptions: {debuggerAddress: localhost:60911}, msedge: {msedgedriverVersion: 131.0.2903.70 (73cf19ceae66..., userDataDir: C:\Users\yamin\AppData\Loca...}, networkConnectionEnabled: false, pageLoadStrategy: normal, platformName: windows, proxy: Proxy(), se:cdp: ws://localhost:60911/devtoo..., se:cdpVersion: 131.0.2903.70, setWindowRect: true, strictFileInteractability: false, timeouts: {implicit: 0, pageLoad: 300000, script: 30000}, unhandledPromptBehavior: dismiss and notify, webauthn:extension:credBlob: true, webauthn:extension:largeBlob: true, webauthn:extension:minPinLength: true, webauthn:extension:prf: true, webauthn:virtualAuthenticators: true}
Element: [[EdgeDriver: MicrosoftEdge on windows (11ae7569a02991d9741bf9063d968d5b)] -> css selector: span[id="bottomSubmitOrderButtonId-announce"]]
Session ID: 11ae7569a02991d9741bf9063d968d5b]]>
            </message>
            <full-stacktrace>
              <![CDATA[org.openqa.selenium.ElementClickInterceptedException: element click intercepted: Element <span id="bottomSubmitOrderButtonId-announce" class="a-button-text" aria-hidden="true">...</span> is not clickable at point (338, 678). Other element would receive the click: <input name="placeYourOrder1" data-testid="" class="a-button-input" type="submit" aria-labelledby="bottomSubmitOrderButtonId-announce">
  (Session info: MicrosoftEdge=131.0.2903.70)
Build info: version: '4.26.0', revision: '8ccf0219d7'
System info: os.name: 'Windows 11', os.arch: 'amd64', os.version: '10.0', java.version: '22.0.1'
Driver info: org.openqa.selenium.edge.EdgeDriver
Command: [11ae7569a02991d9741bf9063d968d5b, clickElement {id=f.FC92A80F297F79F7B9E48350312536CA.d.0F35C4AC173982AE3646D6E7026A6094.e.434}]
Capabilities {acceptInsecureCerts: false, browserName: MicrosoftEdge, browserVersion: 131.0.2903.70, fedcm:accounts: true, ms:edgeOptions: {debuggerAddress: localhost:60911}, msedge: {msedgedriverVersion: 131.0.2903.70 (73cf19ceae66..., userDataDir: C:\Users\yamin\AppData\Loca...}, networkConnectionEnabled: false, pageLoadStrategy: normal, platformName: windows, proxy: Proxy(), se:cdp: ws://localhost:60911/devtoo..., se:cdpVersion: 131.0.2903.70, setWindowRect: true, strictFileInteractability: false, timeouts: {implicit: 0, pageLoad: 300000, script: 30000}, unhandledPromptBehavior: dismiss and notify, webauthn:extension:credBlob: true, webauthn:extension:largeBlob: true, webauthn:extension:minPinLength: true, webauthn:extension:prf: true, webauthn:virtualAuthenticators: true}
Element: [[EdgeDriver: MicrosoftEdge on windows (11ae7569a02991d9741bf9063d968d5b)] -> css selector: span[id="bottomSubmitOrderButtonId-announce"]]
Session ID: 11ae7569a02991d9741bf9063d968d5b
at java.base/jdk.internal.reflect.DirectConstructorHandleAccessor.newInstance(DirectConstructorHandleAccessor.java:62)
at java.base/java.lang.reflect.Constructor.newInstanceWithCaller(Constructor.java:502)
at java.base/java.lang.reflect.Constructor.newInstance(Constructor.java:486)
at org.openqa.selenium.remote.ErrorCodec.decode(ErrorCodec.java:167)
at org.openqa.selenium.remote.codec.w3c.W3CHttpResponseCodec.decode(W3CHttpResponseCodec.java:138)
at org.openqa.selenium.remote.codec.w3c.W3CHttpResponseCodec.decode(W3CHttpResponseCodec.java:50)
at org.openqa.selenium.remote.HttpCommandExecutor.execute(HttpCommandExecutor.java:190)
at org.openqa.selenium.remote.service.DriverCommandExecutor.invokeExecute(DriverCommandExecutor.java:216)
at org.openqa.selenium.remote.service.DriverCommandExecutor.execute(DriverCommandExecutor.java:174)
at org.openqa.selenium.remote.RemoteWebDriver.execute(RemoteWebDriver.java:545)
at org.openqa.selenium.remote.RemoteWebElement.execute(RemoteWebElement.java:223)
at org.openqa.selenium.remote.RemoteWebElement.click(RemoteWebElement.java:76)
at java.base/jdk.internal.reflect.DirectMethodHandleAccessor.invoke(DirectMethodHandleAccessor.java:103)
at java.base/java.lang.reflect.Method.invoke(Method.java:580)
at org.openqa.selenium.support.pagefactory.internal.LocatingElementHandler.invoke(LocatingElementHandler.java:51)
at jdk.proxy2/jdk.proxy2.$Proxy13.click(Unknown Source)
at pageObjects.PagementsPage.btnplayAndPayorder(PagementsPage.java:113)
at testCases.TestCase11.AddandRemoveQuantiesFromCart(TestCase11.java:80)
at java.base/jdk.internal.reflect.DirectMethodHandleAccessor.invoke(DirectMethodHandleAccessor.java:103)
at java.base/java.lang.reflect.Method.invoke(Method.java:580)
at org.testng.internal.MethodInvocationHelper.invokeMethod(MethodInvocationHelper.java:133)
at org.testng.internal.TestInvoker.invokeMethod(TestInvoker.java:598)
at org.testng.internal.TestInvoker.invokeTestMethod(TestInvoker.java:173)
at org.testng.internal.MethodRunner.runInSequence(MethodRunner.java:46)
at org.testng.internal.TestInvoker$MethodInvocationAgent.invoke(TestInvoker.java:824)
at org.testng.internal.TestInvoker.invokeTestMethods(TestInvoker.java:146)
at org.testng.internal.TestMethodWorker.invokeTestMethods(TestMethodWorker.java:146)
at org.testng.internal.TestMethodWorker.run(TestMethodWorker.java:128)
at java.base/java.util.ArrayList.forEach(ArrayList.java:1597)
at org.testng.TestRunner.privateRun(TestRunner.java:794)
at org.testng.TestRunner.run(TestRunner.java:596)
at org.testng.SuiteRunner.runTest(SuiteRunner.java:377)
at org.testng.SuiteRunner.runSequentially(SuiteRunner.java:371)
at org.testng.SuiteRunner.privateRun(SuiteRunner.java:332)
at org.testng.SuiteRunner.run(SuiteRunner.java:276)
at org.testng.SuiteRunnerWorker.runSuite(SuiteRunnerWorker.java:53)
at org.testng.SuiteRunnerWorker.run(SuiteRunnerWorker.java:96)
at org.testng.TestNG.runSuitesSequentially(TestNG.java:1212)
at org.testng.TestNG.runSuitesLocally(TestNG.java:1134)
at org.testng.TestNG.runSuites(TestNG.java:1063)
at org.testng.TestNG.run(TestNG.java:1031)
at org.testng.remote.AbstractRemoteTestNG.run(AbstractRemoteTestNG.java:115)
at org.testng.remote.RemoteTestNG.initAndRun(RemoteTestNG.java:293)
at org.testng.remote.RemoteTestNG.main(RemoteTestNG.java:91)
]]>
            </full-stacktrace>
          </exception> <!-- org.openqa.selenium.ElementClickInterceptedException -->
          <reporter-output>
            <line>
              <![CDATA[Test Case Execution started]]>
            </line>
            <line>
              <![CDATA[TestCase Failed]]>
            </line>
          </reporter-output>
        </test-method> <!-- AddandRemoveQuantiesFromCart -->
      </class> <!-- testCases.TestCase11 -->
    </test> <!-- Default test -->
  </suite> <!-- Default suite -->
</testng-results>
